  Source.cpp
c:\program files\arrayfire\v3\include\af/exception.h(20): warning C4275: class "std::exception" ist keine DLL-Schnittstelle und wurde als Basisklasse für die DLL-Schnittstelle class "af::exception" verwendet
  C:\Program Files\Microsoft Visual Studio 2017\VC\Tools\MSVC\14.10.25017\include\vcruntime_exception.h(43): note: Siehe Deklaration von "std::exception"
  c:\program files\arrayfire\v3\include\af/exception.h(19): note: Siehe Deklaration von "af::exception"
..\Source.cpp(16): warning C4244: "Argument": Konvertierung von "int64" in "float", möglicher Datenverlust
..\Source.cpp(17): warning C4244: "Argument": Konvertierung von "int64" in "float", möglicher Datenverlust
..\Source.cpp(23): warning C4244: "return": Konvertierung von "int" in "float32", möglicher Datenverlust
..\Source.cpp(30): warning C4244: "Argument": Konvertierung von "const int" in "const float", möglicher Datenverlust
..\Source.cpp(31): warning C4244: "Argument": Konvertierung von "int32" in "const float", möglicher Datenverlust
..\Source.cpp(37): warning C4244: "return": Konvertierung von "int" in "float32", möglicher Datenverlust
..\Source.cpp(43): warning C4244: "Argument": Konvertierung von "int" in "const float", möglicher Datenverlust
..\Source.cpp(44): warning C4244: "Argument": Konvertierung von "int" in "const float", möglicher Datenverlust
..\Source.cpp(72): warning C4244: "Argument": Konvertierung von "int64" in "float", möglicher Datenverlust
..\Source.cpp(73): warning C4244: "Argument": Konvertierung von "int64" in "float", möglicher Datenverlust
..\Source.cpp(74): warning C4244: "Argument": Konvertierung von "int64" in "float", möglicher Datenverlust
..\Source.cpp(75): warning C4244: "Argument": Konvertierung von "int64" in "float", möglicher Datenverlust
..\Source.cpp(91): warning C4244: "Argument": Konvertierung von "int" in "const float", möglicher Datenverlust
..\Source.cpp(92): warning C4244: "Argument": Konvertierung von "int32" in "const float", möglicher Datenverlust
..\Source.cpp(93): warning C4244: "Argument": Konvertierung von "int64" in "float", möglicher Datenverlust
..\Source.cpp(94): warning C4244: "Argument": Konvertierung von "int64" in "float", möglicher Datenverlust
..\Source.cpp(101): warning C4244: "Argument": Konvertierung von "int" in "const float", möglicher Datenverlust
..\Source.cpp(102): warning C4244: "Argument": Konvertierung von "int32" in "float", möglicher Datenverlust
..\Source.cpp(103): warning C4244: "Argument": Konvertierung von "int32" in "float", möglicher Datenverlust
..\Source.cpp(110): warning C4244: "Argument": Konvertierung von "int" in "const float", möglicher Datenverlust
..\Source.cpp(111): warning C4244: "Argument": Konvertierung von "int" in "const float", möglicher Datenverlust
..\Source.cpp(112): warning C4244: "Argument": Konvertierung von "int" in "const float", möglicher Datenverlust
..\Source.cpp(500): warning C4244: "=": Konvertierung von "int64" in "int", möglicher Datenverlust
..\Source.cpp(501): warning C4244: "=": Konvertierung von "int64" in "int", möglicher Datenverlust
..\Source.cpp(643): warning C4312: "Typumwandlung": Konvertierung von "int" in größeren Typ "void *"
..\Source.cpp(817): warning C4311: "Typumwandlung": Zeigerverkürzung von "void *" zu "int32"
..\Source.cpp(817): warning C4302: "Typumwandlung": Verkürzung von "void *" in "int32"
..\Source.cpp(833): warning C4311: "Typumwandlung": Zeigerverkürzung von "void *" zu "int32"
..\Source.cpp(833): warning C4302: "Typumwandlung": Verkürzung von "void *" in "int32"
..\Source.cpp(893): warning C4312: "Typumwandlung": Konvertierung von "int" in größeren Typ "void *"
..\Source.cpp(914): warning C4312: "Typumwandlung": Konvertierung von "int" in größeren Typ "void *"
..\Source.cpp(961): warning C4244: "Argument": Konvertierung von "int" in "const float32", möglicher Datenverlust
..\Source.cpp(1164): warning C4244: "Initialisierung": Konvertierung von "float" in "int", möglicher Datenverlust
..\Source.cpp(1185): warning C4244: "Initialisierung": Konvertierung von "float" in "int", möglicher Datenverlust
..\Source.cpp(1224): warning C4244: "Initialisierung": Konvertierung von "float" in "int", möglicher Datenverlust
..\Source.cpp(1280): warning C4312: "Typumwandlung": Konvertierung von "int" in größeren Typ "void *"
..\Source.cpp(1299): warning C4244: "=": Konvertierung von "uint32" in "float", möglicher Datenverlust
..\Source.cpp(1320): warning C4244: "=": Konvertierung von "uint32" in "float", möglicher Datenverlust
..\Source.cpp(1341): warning C4244: "Argument": Konvertierung von "int64" in "int", möglicher Datenverlust
..\Source.cpp(1429): warning C4244: "return": Konvertierung von "int64" in "int", möglicher Datenverlust
..\Source.cpp(1561): warning C4312: "Typumwandlung": Konvertierung von "int" in größeren Typ "void *"
..\Source.cpp(1612): warning C4244: "return": Konvertierung von "int64" in "int", möglicher Datenverlust
  b2BroadPhase.obj : Es wurde ein mit /GL kompiliertes MSIL .netmodule oder module gefunden. Verknüpfung wird mit /LTCG erneut gestartet. Fügen Sie /LTCG zur Linkbefehlszeile hinzu, um die Linkerleistung zu erhöhen.
     Bibliothek "D:\GitHub\LiquidFunDll\x64\Debug\liquidfundll.lib" und Objekt "D:\GitHub\LiquidFunDll\x64\Debug\liquidfundll.exp" werden erstellt.
  Code wird generiert.
  Codegenerierung ist abgeschlossen.
  liquidfundll.vcxproj -> D:\GitHub\LiquidFunDll\x64\Debug\liquidfundll.dll
  liquidfundll.vcxproj -> D:\GitHub\LiquidFunDll\x64\Debug\liquidfundll.pdb (Partial PDB)
