d:\github\liquidfundll\liquidfundll\x64\debug\vc141.pdb
d:\github\liquidfundll\liquidfundll\x64\debug\vc141.idb
d:\github\liquidfundll\liquidfundll\x64\debug\b2mousejoint.obj
d:\github\liquidfundll\liquidfundll\x64\debug\b2prismaticjoint.obj
d:\github\liquidfundll\liquidfundll\x64\debug\b2pulleyjoint.obj
d:\github\liquidfundll\liquidfundll\x64\debug\b2revolutejoint.obj
d:\github\liquidfundll\liquidfundll\x64\debug\b2ropejoint.obj
d:\github\liquidfundll\liquidfundll\x64\debug\b2weldjoint.obj
d:\github\liquidfundll\liquidfundll\x64\debug\b2wheeljoint.obj
d:\github\liquidfundll\liquidfundll\x64\debug\b2body.obj
d:\github\liquidfundll\liquidfundll\x64\debug\b2contactmanager.obj
d:\github\liquidfundll\liquidfundll\x64\debug\b2fixture.obj
d:\github\liquidfundll\liquidfundll\x64\debug\b2island.obj
d:\github\liquidfundll\liquidfundll\x64\debug\b2world.obj
d:\github\liquidfundll\liquidfundll\x64\debug\b2worldcallbacks.obj
d:\github\liquidfundll\liquidfundll\x64\debug\b2particle.obj
d:\github\liquidfundll\liquidfundll\x64\debug\b2particleassembly.obj
d:\github\liquidfundll\liquidfundll\x64\debug\b2particlegroup.obj
d:\github\liquidfundll\liquidfundll\x64\debug\b2particlesystem.obj
d:\github\liquidfundll\liquidfundll\x64\debug\b2voronoidiagram.obj
d:\github\liquidfundll\liquidfundll\x64\debug\b2rope.obj
d:\github\liquidfundll\liquidfundll\x64\debug\source.obj
d:\github\liquidfundll\liquidfundll\x64\debug\b2math.obj
d:\github\liquidfundll\liquidfundll\x64\debug\b2settings.obj
d:\github\liquidfundll\liquidfundll\x64\debug\b2stackallocator.obj
d:\github\liquidfundll\liquidfundll\x64\debug\b2stat.obj
d:\github\liquidfundll\liquidfundll\x64\debug\b2timer.obj
d:\github\liquidfundll\liquidfundll\x64\debug\b2trackedblock.obj
d:\github\liquidfundll\liquidfundll\x64\debug\b2chainandcirclecontact.obj
d:\github\liquidfundll\liquidfundll\x64\debug\b2chainandpolygoncontact.obj
d:\github\liquidfundll\liquidfundll\x64\debug\b2circlecontact.obj
d:\github\liquidfundll\liquidfundll\x64\debug\b2contact.obj
d:\github\liquidfundll\liquidfundll\x64\debug\b2contactsolver.obj
d:\github\liquidfundll\liquidfundll\x64\debug\b2edgeandcirclecontact.obj
d:\github\liquidfundll\liquidfundll\x64\debug\b2edgeandpolygoncontact.obj
d:\github\liquidfundll\liquidfundll\x64\debug\b2polygonandcirclecontact.obj
d:\github\liquidfundll\liquidfundll\x64\debug\b2polygoncontact.obj
d:\github\liquidfundll\liquidfundll\x64\debug\b2distancejoint.obj
d:\github\liquidfundll\liquidfundll\x64\debug\b2frictionjoint.obj
d:\github\liquidfundll\liquidfundll\x64\debug\b2gearjoint.obj
d:\github\liquidfundll\liquidfundll\x64\debug\b2joint.obj
d:\github\liquidfundll\liquidfundll\x64\debug\b2motorjoint.obj
d:\github\liquidfundll\liquidfundll\x64\debug\b2chainshape.obj
d:\github\liquidfundll\liquidfundll\x64\debug\b2circleshape.obj
d:\github\liquidfundll\liquidfundll\x64\debug\b2edgeshape.obj
d:\github\liquidfundll\liquidfundll\x64\debug\b2polygonshape.obj
d:\github\liquidfundll\liquidfundll\x64\debug\b2broadphase.obj
d:\github\liquidfundll\liquidfundll\x64\debug\b2collidecircle.obj
d:\github\liquidfundll\liquidfundll\x64\debug\b2collideedge.obj
d:\github\liquidfundll\liquidfundll\x64\debug\b2collidepolygon.obj
d:\github\liquidfundll\liquidfundll\x64\debug\b2collision.obj
d:\github\liquidfundll\liquidfundll\x64\debug\b2distance.obj
d:\github\liquidfundll\liquidfundll\x64\debug\b2dynamictree.obj
d:\github\liquidfundll\liquidfundll\x64\debug\b2timeofimpact.obj
d:\github\liquidfundll\liquidfundll\x64\debug\b2blockallocator.obj
d:\github\liquidfundll\liquidfundll\x64\debug\b2draw.obj
d:\github\liquidfundll\liquidfundll\x64\debug\b2freelist.obj
d:\github\liquidfundll\x64\debug\liquidfundll.dll
d:\github\liquidfundll\x64\debug\liquidfundll.pdb
d:\github\liquidfundll\x64\debug\liquidfundll.lib
d:\github\liquidfundll\x64\debug\liquidfundll.exp
d:\github\liquidfundll\x64\debug\liquidfundll.ipdb
d:\github\liquidfundll\x64\debug\liquidfundll.iobj
d:\github\liquidfundll\liquidfundll\x64\debug\liquidfundll.tlog\cl.command.1.tlog
d:\github\liquidfundll\liquidfundll\x64\debug\liquidfundll.tlog\cl.read.1.tlog
d:\github\liquidfundll\liquidfundll\x64\debug\liquidfundll.tlog\cl.write.1.tlog
d:\github\liquidfundll\liquidfundll\x64\debug\liquidfundll.tlog\link.command.1.tlog
d:\github\liquidfundll\liquidfundll\x64\debug\liquidfundll.tlog\link.read.1.tlog
d:\github\liquidfundll\liquidfundll\x64\debug\liquidfundll.tlog\link.write.1.tlog
d:\github\liquidfundll\liquidfundll\x64\debug\liquidfundll.tlog\liquidfundll.write.1u.tlog
